../src/assets/images/Shield@2x.png
../src/assets/images/bell.png
../src/assets/images/chenggong@2x.png
../src/assets/images/clock.png
../src/assets/images/close.png
../src/assets/images/diamond.png
../src/assets/images/discount-empty.png
../src/assets/images/down-caret.png
../src/assets/images/download-icon@2x.png
../src/assets/images/error.png
../src/assets/images/error_dark.png
../src/assets/images/exchange.png
../src/assets/images/install_android_n.png
../src/assets/images/install_android_s.png
../src/assets/images/install_apple_n.png
../src/assets/images/install_apple_s.png
../src/assets/images/logo.png
../src/assets/images/notice-header.png
../src/assets/images/play-loading.jpg
../src/assets/images/play.jpg
../src/assets/images/protocol_select.png
../src/assets/images/quection@2x.png
../src/assets/images/vip-banner.png
../src/assets/images/vip-logo.png
../src/assets/images/zaigg@2x.png
../src/assets/dark/home/btn1.png
../src/assets/dark/home/btn2.png
../src/assets/dark/home/btn3.png
../src/assets/dark/icon/Recharge@2x.png
../src/assets/dark/icon/chip@2x.png
../src/assets/dark/icon/vip@2x.png
../src/assets/dark/icon/wm@2x.png
../src/assets/dark/login/1.png
../src/assets/dark/login/2.png
../src/assets/dark/login/3.png
../src/assets/dark/ranks/rank1.png
../src/assets/dark/ranks/rank2.png
../src/assets/dark/ranks/rank3.png
../src/assets/images/agent/calendar-gray.png
../src/assets/images/agent/date-tri.png
../src/assets/images/agent/empty@2x.png
../src/assets/images/agent/facebook.png
../src/assets/images/agent/filter.png
../src/assets/images/agent/landing_sport_light.png
../src/assets/images/agent/line.png
../src/assets/images/agent/qq.png
../src/assets/images/agent/remove-image.png
../src/assets/images/agent/share-image.png
../src/assets/images/agent/share-save.png
../src/assets/images/agent/skype.png
../src/assets/images/agent/sub-title.png
../src/assets/images/agent/wechat.png
../src/assets/images/agent/whatsapp.png
../src/assets/images/agent/zalo.png
../src/assets/images/bank/bank_abc_bg.png
../src/assets/images/bank/bank_abc_logo.png
../src/assets/images/bank/bank_acb_bg.png
../src/assets/images/bank/bank_acb_logo.png
../src/assets/images/bank/bank_agri_bg.png
../src/assets/images/bank/bank_agri_logo.png
../src/assets/images/bank/bank_baac_bg.png
../src/assets/images/bank/bank_baac_logo.png
../src/assets/images/bank/bank_bay_bg.png
../src/assets/images/bank/bank_bay_logo.png
../src/assets/images/bank/bank_bbl_bg.png
../src/assets/images/bank/bank_bbl_logo.png
../src/assets/images/bank/bank_bccb_bg.png
../src/assets/images/bank/bank_bccb_logo.png
../src/assets/images/bank/bank_bidv_bg.png
../src/assets/images/bank/bank_bidv_logo.png
../src/assets/images/bank/bank_boc_bg.png
../src/assets/images/bank/bank_boc_logo.png
../src/assets/images/bank/bank_bocom_bg.png
../src/assets/images/bank/bank_bocom_logo.png
../src/assets/images/bank/bank_bos_bg.png
../src/assets/images/bank/bank_bos_logo.png
../src/assets/images/bank/bank_ccb_bg.png
../src/assets/images/bank/bank_ccb_logo.png
../src/assets/images/bank/bank_ceb_bg.png
../src/assets/images/bank/bank_ceb_logo.png
../src/assets/images/bank/bank_cgb_bg.png
../src/assets/images/bank/bank_cgb_logo.png
../src/assets/images/bank/bank_cib_bg.png
../src/assets/images/bank/bank_cib_logo.png
../src/assets/images/bank/bank_cimb_bg.png
../src/assets/images/bank/bank_cimb_logo.png
../src/assets/images/bank/bank_citi_bg.png
../src/assets/images/bank/bank_citi_logo.png
../src/assets/images/bank/bank_cmb_bg.png
../src/assets/images/bank/bank_cmb_logo.png
../src/assets/images/bank/bank_cmbc_bg.png
../src/assets/images/bank/bank_cmbc_logo.png
../src/assets/images/bank/bank_dab_bg.png
../src/assets/images/bank/bank_dab_logo.png
../src/assets/images/bank/bank_db_bg.png
../src/assets/images/bank/bank_db_logo.png
../src/assets/images/bank/bank_ecitic_bg.png
../src/assets/images/bank/bank_ecitic_logo.png
../src/assets/images/bank/bank_eib_bg.png
../src/assets/images/bank/bank_eib_logo.png
../src/assets/images/bank/bank_exim_bg.png
../src/assets/images/bank/bank_exim_logo.png
../src/assets/images/bank/bank_ghb_bg.png
../src/assets/images/bank/bank_ghb_logo.png
../src/assets/images/bank/bank_gsb_bg.png
../src/assets/images/bank/bank_gsb_logo.png
../src/assets/images/bank/bank_hdbank_bg.png
../src/assets/images/bank/bank_hdbank_logo.png
../src/assets/images/bank/bank_hsbc_bg.png
../src/assets/images/bank/bank_hsbc_logo.png
../src/assets/images/bank/bank_hxb_bg.png
../src/assets/images/bank/bank_hxb_logo.png
../src/assets/images/bank/bank_hzcbc_bg.png
../src/assets/images/bank/bank_hzcbc_logo.png
../src/assets/images/bank/bank_ibank_bg.png
../src/assets/images/bank/bank_ibank_logo.png
../src/assets/images/bank/bank_icbc_bg.png
../src/assets/images/bank/bank_icbc_logo.png
../src/assets/images/bank/bank_isbt_bg.png
../src/assets/images/bank/bank_isbt_logo.png
../src/assets/images/bank/bank_kasikorn_bg.png
../src/assets/images/bank/bank_kasikorn_logo.png
../src/assets/images/bank/bank_kbank_bg.png
../src/assets/images/bank/bank_kbank_logo.png
../src/assets/images/bank/bank_kk_bg.png
../src/assets/images/bank/bank_kk_logo.png
../src/assets/images/bank/bank_ktb_bg.png
../src/assets/images/bank/bank_ktb_logo.png
../src/assets/images/bank/bank_lhbank_bg.png
../src/assets/images/bank/bank_lhbank_logo.png
../src/assets/images/bank/bank_mhb_bg.png
../src/assets/images/bank/bank_mhb_logo.png
../src/assets/images/bank/bank_mhcb_bg.png
../src/assets/images/bank/bank_mhcb_logo.png
../src/assets/images/bank/bank_msb_bg.png
../src/assets/images/bank/bank_msb_logo.png
../src/assets/images/bank/bank_nbcbc_bg.png
../src/assets/images/bank/bank_nbcbc_logo.png
../src/assets/images/bank/bank_ncb_bg.png
../src/assets/images/bank/bank_ncb_logo.png
../src/assets/images/bank/bank_ocb_bg.png
../src/assets/images/bank/bank_ocb_logo.png
../src/assets/images/bank/bank_ocean_bg.png
../src/assets/images/bank/bank_ocean_logo.png
../src/assets/images/bank/bank_pab_bg.png
../src/assets/images/bank/bank_pab_logo.png
../src/assets/images/bank/bank_psbc_bg.png
../src/assets/images/bank/bank_psbc_logo.png
../src/assets/images/bank/bank_pvcom_bg.png
../src/assets/images/bank/bank_pvcom_logo.png
../src/assets/images/bank/bank_sacom_bg.png
../src/assets/images/bank/bank_sacom_logo.png
../src/assets/images/bank/bank_scb_bg.png
../src/assets/images/bank/bank_scb_logo.png
../src/assets/images/bank/bank_scbt_bg.png
../src/assets/images/bank/bank_scbt_logo.png
../src/assets/images/bank/bank_sea_bg.png
../src/assets/images/bank/bank_sea_logo.png
../src/assets/images/bank/bank_shb_bg.png
../src/assets/images/bank/bank_shb_logo.png
../src/assets/images/bank/bank_smbc_bg.png
../src/assets/images/bank/bank_smbc_logo.png
../src/assets/images/bank/bank_spdb_bg.png
../src/assets/images/bank/bank_spdb_logo.png
../src/assets/images/bank/bank_tcb_bg.png
../src/assets/images/bank/bank_tcb_logo.png
../src/assets/images/bank/bank_tcrb_bg.png
../src/assets/images/bank/bank_tcrb_logo.png
../src/assets/images/bank/bank_thailand_bg.png
../src/assets/images/bank/bank_thailand_logo.png
../src/assets/images/bank/bank_tmb_bg.png
../src/assets/images/bank/bank_tmb_logo.png
../src/assets/images/bank/bank_tp_bg.png
../src/assets/images/bank/bank_tp_logo.png
../src/assets/images/bank/bank_tsco_bg.png
../src/assets/images/bank/bank_tsco_logo.png
../src/assets/images/bank/bank_ttb_bg.png
../src/assets/images/bank/bank_ttb_logo.png
../src/assets/images/bank/bank_ty_bg.png
../src/assets/images/bank/bank_ty_logo.png
../src/assets/images/bank/bank_uob_bg.png
../src/assets/images/bank/bank_uob_logo.png
../src/assets/images/bank/bank_vcb_bg.png
../src/assets/images/bank/bank_vcb_logo.png
../src/assets/images/bank/bank_vib_bg.png
../src/assets/images/bank/bank_vib_logo.png
../src/assets/images/bank/bank_vp_bg.png
../src/assets/images/bank/bank_vp_logo.png
../src/assets/images/bank/bank_vtb_bg.png
../src/assets/images/bank/bank_vtb_logo.png
../src/assets/images/center/address@2x.png
../src/assets/images/center/ckjl.png
../src/assets/images/center/deposit.png
../src/assets/images/center/img0.png
../src/assets/images/center/img1.png
../src/assets/images/center/img10.png
../src/assets/images/center/img11.png
../src/assets/images/center/img12.png
../src/assets/images/center/img13.png
../src/assets/images/center/img14.png
../src/assets/images/center/img15.png
../src/assets/images/center/img16.png
../src/assets/images/center/img2.png
../src/assets/images/center/img3.png
../src/assets/images/center/img4.png
../src/assets/images/center/img5.png
../src/assets/images/center/img6.png
../src/assets/images/center/img7.png
../src/assets/images/center/img8.png
../src/assets/images/center/img9.png
../src/assets/images/center/img_default.png
../src/assets/images/center/normal.png
../src/assets/images/center/right.png
../src/assets/images/center/withdraw.png
../src/assets/images/center/wuxim@2x.png
../src/assets/images/chouma/chouma1.png
../src/assets/images/chouma/chouma2.png
../src/assets/images/chouma/chouma3.png
../src/assets/images/chouma/chouma4.png
../src/assets/images/chouma/chouma5.png
../src/assets/images/chouma/choumafaguang.png
../src/assets/images/deposit-bank/ABC@2x.png
../src/assets/images/deposit-bank/BCCB@2x.png
../src/assets/images/deposit-bank/BOC@2x.png
../src/assets/images/deposit-bank/BOCOM@2x.png
../src/assets/images/deposit-bank/BOS@2x.png
../src/assets/images/deposit-bank/CCB@2x.png
../src/assets/images/deposit-bank/CEB@2x.png
../src/assets/images/deposit-bank/CGB@2x.png
../src/assets/images/deposit-bank/CIB@2x.png
../src/assets/images/deposit-bank/CMB@2x.png
../src/assets/images/deposit-bank/CMBC@2x.png
../src/assets/images/deposit-bank/ECITIC@2x.png
../src/assets/images/deposit-bank/HXB@2x.png
../src/assets/images/deposit-bank/HZCBC@2x.png
../src/assets/images/deposit-bank/ICBC@2x.png
../src/assets/images/deposit-bank/NBCBC@2x.png
../src/assets/images/deposit-bank/PAB@2x.png
../src/assets/images/deposit-bank/PSBC@2x.png
../src/assets/images/deposit-bank/SPDB@2x.png
../src/assets/images/download-banner/cn.jpg
../src/assets/images/download-banner/en.jpg
../src/assets/images/download-banner/th.jpg
../src/assets/images/download-banner/vi.jpg
../src/assets/images/help/1.png
../src/assets/images/help/2.png
../src/assets/images/help/3.png
../src/assets/images/help/4.png
../src/assets/images/help/anquan@2x.png
../src/assets/images/help/pz@2x.png
../src/assets/images/help/wenti@2x.png
../src/assets/images/help/youxi@2x.png
../src/assets/images/home/banner.png
../src/assets/images/home/banner@2x.png
../src/assets/images/home/bg.png
../src/assets/images/home/bli.png
../src/assets/images/home/brand-rion@2x.png
../src/assets/images/home/btn1.png
../src/assets/images/home/btn2.png
../src/assets/images/home/btn3.png
../src/assets/images/home/casino-ag@2x.png
../src/assets/images/home/casino-event@2x.png
../src/assets/images/home/chess-wanqu@2x.png
../src/assets/images/home/chips@2x.png
../src/assets/images/home/cooperation@2x.png
../src/assets/images/home/cup.png
../src/assets/images/home/discount.png
../src/assets/images/home/fishing-ag@2x.png
../src/assets/images/home/gaming-avia@2x.png
../src/assets/images/home/icon-fudai@2x.png
../src/assets/images/home/link.png
../src/assets/images/home/logo_install.png
../src/assets/images/home/lottery-vr@2x.png
../src/assets/images/home/nvyou@2x.png
../src/assets/images/home/right.png
../src/assets/images/home/slots-pt@2x.png
../src/assets/images/home/sports-shaba@2x.png
../src/assets/images/home/tj1.png
../src/assets/images/home/tj2.png
../src/assets/images/home/tj3.png
../src/assets/images/home/ty_bbin@2x.png
../src/assets/images/home/ty_ibc@2x.png
../src/assets/images/home/ty_im@2x.png
../src/assets/images/home/yh@2x.png
../src/assets/images/icon/Recharge@2x.png
../src/assets/images/icon/bet_message_mail_icon.png
../src/assets/images/icon/bet_message_notice_icon.png
../src/assets/images/icon/bonus.png
../src/assets/images/icon/chip@2x.png
../src/assets/images/icon/dig-empty.png
../src/assets/images/icon/fuwu.png
../src/assets/images/icon/important.png
../src/assets/images/icon/kf.png
../src/assets/images/icon/lightning.png
../src/assets/images/icon/lose.png
../src/assets/images/icon/maintained.png
../src/assets/images/icon/my_ac.png
../src/assets/images/icon/my_card.png
../src/assets/images/icon/my_nt.png
../src/assets/images/icon/my_security.png
../src/assets/images/icon/my_tr.png
../src/assets/images/icon/notice.png
../src/assets/images/icon/qq.png
../src/assets/images/icon/refresh.png
../src/assets/images/icon/right-arrow.png
../src/assets/images/icon/share.png
../src/assets/images/icon/share1.png
../src/assets/images/icon/share2.png
../src/assets/images/icon/share3.png
../src/assets/images/icon/share4.png
../src/assets/images/icon/share5.png
../src/assets/images/icon/shezhi.png
../src/assets/images/icon/skype.png
../src/assets/images/icon/sousuo@2x.png
../src/assets/images/icon/transfer.png
../src/assets/images/icon/used.png
../src/assets/images/icon/vip@2x.png
../src/assets/images/icon/win.png
../src/assets/images/icon/withdraw.png
../src/assets/images/icon/wm@2x.png
../src/assets/images/icon/xiaoxi.png
../src/assets/images/icon/xima.png
../src/assets/images/lang-flag/en.png
../src/assets/images/lang-flag/th.png
../src/assets/images/lang-flag/vi.png
../src/assets/images/lang-flag/zh-CN.png
../src/assets/images/lang-flag/zh-TW.png
../src/assets/images/level-up/V1@3x.png
../src/assets/images/level-up/V2@3x.png
../src/assets/images/level-up/V3@3x.png
../src/assets/images/level-up/V4@3x.png
../src/assets/images/level-up/V5@3x.png
../src/assets/images/level-up/V6@3x.png
../src/assets/images/level-up/V7@3x.png
../src/assets/images/level-up/close@3x.png
../src/assets/images/level-up/icon1.png
../src/assets/images/level-up/icon2.png
../src/assets/images/level-up/icon3.png
../src/assets/images/level-up/star.png
../src/assets/images/login/1.png
../src/assets/images/login/2.png
../src/assets/images/login/3.png
../src/assets/images/login/zc@2x.png
../src/assets/images/lottery/banner.png
../src/assets/images/lottery/bg-cp.png
../src/assets/images/lottery/cp_az@2x.png
../src/assets/images/lottery/cp_ft@2x.png
../src/assets/images/lottery/cp_lhc@2x.png
../src/assets/images/lottery/cp_sc@2x.png
../src/assets/images/lottery/cp_ssc@2x.png
../src/assets/images/lottery/cp_tx@2x.png
../src/assets/images/lottery/cp_vrdjl@2x.png
../src/assets/images/lottery/cp_xy28@2x.png
../src/assets/images/lottery/ig@2x.png
../src/assets/images/lottery/mark-six@2x.png
../src/assets/images/lottery/official@2x.png
../src/assets/images/lottery/sg@2x.png
../src/assets/images/lottery/vr@2x.png
../src/assets/images/payments/img0.png
../src/assets/images/payments/img1.png
../src/assets/images/payments/img10.png
../src/assets/images/payments/img11.png
../src/assets/images/payments/img12.png
../src/assets/images/payments/img13.png
../src/assets/images/payments/img14.png
../src/assets/images/payments/img15.png
../src/assets/images/payments/img16.png
../src/assets/images/payments/img17.png
../src/assets/images/payments/img18.png
../src/assets/images/payments/img19.png
../src/assets/images/payments/img2.png
../src/assets/images/payments/img20.png
../src/assets/images/payments/img21.png
../src/assets/images/payments/img22.png
../src/assets/images/payments/img23.png
../src/assets/images/payments/img24.png
../src/assets/images/payments/img25.png
../src/assets/images/payments/img3.png
../src/assets/images/payments/img4.png
../src/assets/images/payments/img5.png
../src/assets/images/payments/img6.png
../src/assets/images/payments/img7.png
../src/assets/images/payments/img8.png
../src/assets/images/payments/img9.png
../src/assets/images/payments/img_default.png
../src/assets/images/payments/wq_pay_img_parent_1.png
../src/assets/images/payments/wq_pay_img_parent_10.png
../src/assets/images/payments/wq_pay_img_parent_11.png
../src/assets/images/payments/wq_pay_img_parent_12.png
../src/assets/images/payments/wq_pay_img_parent_13.png
../src/assets/images/payments/wq_pay_img_parent_14.png
../src/assets/images/payments/wq_pay_img_parent_15.png
../src/assets/images/payments/wq_pay_img_parent_16.png
../src/assets/images/payments/wq_pay_img_parent_2.png
../src/assets/images/payments/wq_pay_img_parent_3.png
../src/assets/images/payments/wq_pay_img_parent_4.png
../src/assets/images/payments/wq_pay_img_parent_5.png
../src/assets/images/payments/wq_pay_img_parent_7.png
../src/assets/images/payments/wq_pay_img_parent_8.png
../src/assets/images/payments/wq_pay_img_parent_9.png
../src/assets/images/ranks/rank1.png
../src/assets/images/ranks/rank2.png
../src/assets/images/ranks/rank3.png
../src/assets/images/vip-level/lv-0@3x.png
../src/assets/images/vip-level/lv-10@3x.png
../src/assets/images/vip-level/lv-11@3x.png
../src/assets/images/vip-level/lv-12@3x.png
../src/assets/images/vip-level/lv-1@3x.png
../src/assets/images/vip-level/lv-2@3x.png
../src/assets/images/vip-level/lv-3@3x.png
../src/assets/images/vip-level/lv-4@3x.png
../src/assets/images/vip-level/lv-5@3x.png
../src/assets/images/vip-level/lv-6@3x.png
../src/assets/images/vip-level/lv-7@3x.png
../src/assets/images/vip-level/lv-8@3x.png
../src/assets/images/vip-level/lv-9@3x.png
../src/assets/dark/agent/index/arrow1@2x.png
../src/assets/dark/agent/index/arrow2@2x.png
../src/assets/dark/agent/index/bg3.png
../src/assets/dark/agent/index/bgtwo.png
../src/assets/images/agent/index/1.png
../src/assets/images/agent/index/2.png
../src/assets/images/agent/index/3.png
../src/assets/images/agent/index/4.png
../src/assets/images/agent/index/5.png
../src/assets/images/agent/index/arrow1@2x.png
../src/assets/images/agent/index/arrow2@2x.png
../src/assets/images/agent/index/bg.png
../src/assets/images/agent/index/bg3.png
../src/assets/images/agent/index/bgtwo.png
../src/assets/images/agent/index/icon1.png
../src/assets/images/agent/index/icon2.png
../src/assets/images/agent/index/icon3.png
../src/assets/images/agent/index/icon4.png
../src/assets/images/agent/index/logo@2x.png
../src/assets/images/agent/index/people.png
../src/assets/images/agent/index/single.png
../src/assets/images/agent/index/start0.png
../src/assets/images/agent/index/start1.png
../src/assets/images/agent/index/start2.png
../src/assets/images/agent/index/start3.png
../src/assets/images/agent/index/wallet.png
../src/assets/images/games/electron/BBIN.png
../src/assets/images/games/electron/MG.png
../src/assets/images/games/electron/PG.png
../src/assets/images/games/electron/PP.png
../src/assets/images/games/electron/PT.png
../src/assets/images/games/electron/more.png
../src/assets/images/games/esport/BTI.png
../src/assets/images/games/esport/IBC.png
../src/assets/images/games/esport/IM.png
../src/assets/images/games/fish/AG.png
../src/assets/images/games/fish/SA.png
../src/assets/images/games/fish/SEXY.png
../src/assets/images/games/lottery/IG.png
../src/assets/images/games/lottery/SG.png
../src/assets/images/games/lottery/VR.png
../src/assets/images/games/lottery/vr_gf.png
../src/assets/images/games/lottery/vr_vr.png
../src/assets/images/games/real/AG.png
../src/assets/images/games/real/GAMING.png
../src/assets/images/games/real/GD.png
../src/assets/images/games/real/N2Live.png
../src/assets/images/games/real/SA.png
../src/assets/images/games/real/SEXY.png
../src/assets/images/games/sport/BTI.png
../src/assets/images/games/sport/IBC.png
../src/assets/images/games/sport/IM.png
../src/assets/dark/restricted-logo.png
../src/assets/images/en-rebate.png
../src/assets/images/flag-cn.png
../src/assets/images/flag-en.png
../src/assets/images/flag-th.png
../src/assets/images/flag-vi.png
../src/assets/images/limit-sign.png
../src/assets/images/restricted-logo.png
../src/assets/images/th-rebate.png
../src/assets/images/vi-rebate.png
../src/assets/images/zh-CN-rebate.png
../src/assets/images/agent/agent-status-card.png
../src/assets/images/bank/bg-bank-card.png
../src/assets/images/center/login-rebate-text-en.png
../src/assets/images/center/login-rebate-text-en@2x.png
../src/assets/images/center/login-rebate-text-th.png
../src/assets/images/center/login-rebate-text-th@2x.png
../src/assets/images/center/login-rebate-text-vi.png
../src/assets/images/center/login-rebate-text-vi@2x.png
../src/assets/images/center/login-rebate-text-zh-CN.png
../src/assets/images/center/login-rebate-text-zh-CN@2x.png
../src/assets/images/daliy-duty/close@2x.png
../src/assets/images/daliy-duty/deposit@2x.png
../src/assets/images/daliy-duty/done@2x.png
../src/assets/images/daliy-duty/duty-bg@2x.png
../src/assets/images/daliy-duty/duty-pic@2x.png
../src/assets/images/daliy-duty/sign@2x.png
../src/assets/images/daliy-duty/touzhu@2x.png
../src/assets/images/daliy-duty/touzhujine@2x.png
../src/assets/images/daliy-duty/wq_task_logo@2x.png
../src/assets/images/error/403.png
../src/assets/images/error/404.png
../src/assets/images/error/500.png
../src/assets/images/error/error.png
../src/assets/images/landing/bg.png
../src/assets/images/landing/btn1.png
../src/assets/images/landing/btn2.png
../src/assets/images/landing/text.png
../src/assets/images/payments/wq_pay_img_0.png
../src/assets/images/payments/wq_pay_img_1.png
../src/assets/images/payments/wq_pay_img_10.png
../src/assets/images/payments/wq_pay_img_11.png
../src/assets/images/payments/wq_pay_img_12.png
../src/assets/images/payments/wq_pay_img_13.png
../src/assets/images/payments/wq_pay_img_14.png
../src/assets/images/payments/wq_pay_img_15.png
../src/assets/images/payments/wq_pay_img_16.png
../src/assets/images/payments/wq_pay_img_17.png
../src/assets/images/payments/wq_pay_img_18.png
../src/assets/images/payments/wq_pay_img_19.png
../src/assets/images/payments/wq_pay_img_2.png
../src/assets/images/payments/wq_pay_img_20.png
../src/assets/images/payments/wq_pay_img_21.png
../src/assets/images/payments/wq_pay_img_22.png
../src/assets/images/payments/wq_pay_img_23.png
../src/assets/images/payments/wq_pay_img_24.png
../src/assets/images/payments/wq_pay_img_25.png
../src/assets/images/payments/wq_pay_img_2_a.png
../src/assets/images/payments/wq_pay_img_3.png
../src/assets/images/payments/wq_pay_img_4.png
../src/assets/images/payments/wq_pay_img_5.png
../src/assets/images/payments/wq_pay_img_6.png
../src/assets/images/payments/wq_pay_img_7.png
../src/assets/images/payments/wq_pay_img_8.png
../src/assets/images/payments/wq_pay_img_9.png
../src/assets/images/activity/en/activity/coin.png
../src/assets/images/activity/en/activity/red_pop.png
../src/assets/images/activity/en/activity/redpacked.png
../src/assets/images/activity/en/activity/redpacket.png
../src/assets/images/activity/th/activity/red_pop.png
../src/assets/images/activity/th/activity/redpacked.png
../src/assets/images/activity/th/activity/redpacket.png
../src/assets/images/activity/vi/activity/red_pop.png
../src/assets/images/activity/vi/activity/redpacked.png
../src/assets/images/activity/vi/activity/redpacket.png
../src/assets/images/activity/zh-CN/activity/red_pop.png
../src/assets/images/activity/zh-CN/activity/redpacked.png
../src/assets/images/activity/zh-CN/activity/redpacket.png
../src/assets/images/activity/en/bag-footer.png
../src/assets/images/activity/en/bg.png
../src/assets/images/activity/en/coin.png
../src/assets/images/activity/en/login.png
../src/assets/images/activity/en/red_close.png
../src/assets/images/activity/en/red_pop.png
../src/assets/images/activity/en/redbag.png
../src/assets/images/activity/en/redpacked.png
../src/assets/images/activity/en/redpacket.png
../src/assets/images/activity/en/reward_bg.png
../src/assets/images/activity/en/reward_title.png
../src/assets/images/activity/en/step_1.png
../src/assets/images/activity/en/step_2.png
../src/assets/images/activity/en/step_3.png
../src/assets/images/activity/en/step_title.png
../src/assets/images/activity/th/bag-footer.png
../src/assets/images/activity/th/login.png
../src/assets/images/activity/th/red_pop.png
../src/assets/images/activity/th/redbag.png
../src/assets/images/activity/th/redpacked.png
../src/assets/images/activity/th/redpacket.png
../src/assets/images/activity/th/reward_title.png
../src/assets/images/activity/th/step_title.png
../src/assets/images/activity/vi/bag-footer.png
../src/assets/images/activity/vi/login.png
../src/assets/images/activity/vi/red_pop.png
../src/assets/images/activity/vi/redbag.png
../src/assets/images/activity/vi/redpacked.png
../src/assets/images/activity/vi/redpacket.png
../src/assets/images/activity/vi/reward_title.png
../src/assets/images/activity/vi/step_title.png
../src/assets/images/activity/zh-CN/bag-footer.png
../src/assets/images/activity/zh-CN/login.png
../src/assets/images/activity/zh-CN/red_pop.png
../src/assets/images/activity/zh-CN/redbag.png
../src/assets/images/activity/zh-CN/redpacked.png
../src/assets/images/activity/zh-CN/redpacket.png
../src/assets/images/activity/zh-CN/reward_title.png
../src/assets/images/activity/zh-CN/step_title.png
../src/assets/native-sports/dark/bet_empty.png
../src/assets/native-sports/dark/focus-empty.png
../src/assets/native-sports/dark/search-empty.png
../src/assets/native-sports/images/VS@2x.png
../src/assets/native-sports/images/animation.png
../src/assets/native-sports/images/bet_empty.png
../src/assets/native-sports/images/bet_icon_reg_fast_success@2x.png
../src/assets/native-sports/images/close-tab.png
../src/assets/native-sports/images/confirm_icon.png
../src/assets/native-sports/images/corner.png
../src/assets/native-sports/images/dark-theme.png
../src/assets/native-sports/images/error.png
../src/assets/native-sports/images/exchange.png
../src/assets/native-sports/images/focus-empty.png
../src/assets/native-sports/images/fullscreen.png
../src/assets/native-sports/images/game_info_bg.png
../src/assets/native-sports/images/game_status.png
../src/assets/native-sports/images/info.png
../src/assets/native-sports/images/list_video.png
../src/assets/native-sports/images/live_poster.png
../src/assets/native-sports/images/marquee_close.png
../src/assets/native-sports/images/marquee_open.png
../src/assets/native-sports/images/online_video.png
../src/assets/native-sports/images/parlay-btn.png
../src/assets/native-sports/images/refresh.png
../src/assets/native-sports/images/search-empty.png
../src/assets/native-sports/images/tooltip.png
../src/assets/native-sports/images/white-theme.png
../src/assets/native-sports/dark/market_empty.png
../src/assets/native-sports/dark/notice_empty.png
../src/assets/native-sports/images/date-icon.png
../src/assets/native-sports/images/large-coin.png
../src/assets/native-sports/images/market_empty.png
../src/assets/native-sports/images/notice_empty.png
../src/assets/native-sports/images/parlay_warning.png
../src/assets/native-sports/images/small-coin.png
